<?xml version="1.0" encoding="UTF-8"?>
<testng-results ignored="0" total="2" passed="2" failed="0" skipped="0">
  <reporter-output>
  </reporter-output>
  <suite started-at="2019-10-03T15:04:55Z" name="Default suite" finished-at="2019-10-03T15:06:44Z" duration-ms="108454">
    <groups>
    </groups>
    <test started-at="2019-10-03T15:04:55Z" name="Default test" finished-at="2019-10-03T15:06:44Z" duration-ms="108454">
      <class name="com.atmecs.project.script.ValidateHomePage">
        <test-method is-config="true" signature="browserSetup()[pri:0, instance:com.atmecs.project.script.ValidateHomePage@78047b92]" started-at="2019-10-03T15:04:55Z" name="browserSetup" finished-at="2019-10-03T15:05:53Z" duration-ms="57834" status="PASS">
          <reporter-output>
          </reporter-output>
        </test-method> <!-- browserSetup -->
        <test-method signature="clickOptionsExplore()[pri:1, instance:com.atmecs.project.script.ValidateHomePage@78047b92]" started-at="2019-10-03T15:05:53Z" name="clickOptionsExplore" finished-at="2019-10-03T15:06:08Z" duration-ms="14196" status="PASS">
          <reporter-output>
          </reporter-output>
        </test-method> <!-- clickOptionsExplore -->
        <test-method signature="clickOptionMoreInfo(java.lang.String, java.lang.String, java.lang.String, java.lang.String, java.lang.String)[pri:2, instance:com.atmecs.project.script.ValidateHomePage@78047b92]" started-at="2019-10-03T15:06:11Z" name="clickOptionMoreInfo" data-provider="breadCrumb" finished-at="2019-10-03T15:06:43Z" duration-ms="31598" status="PASS">
          <params>
            <param index="0">
              <value>
                <![CDATA[Artificial Intelligence / Machine Learning
Home › Services › Digital Life › Artificial Intelligence / Machine Learning]]>
              </value>
            </param>
            <param index="1">
              <value>
                <![CDATA[Augmented Reality / Virtual Reality
Home › Services › Digital Life › Augmented Reality / Virtual Reality]]>
              </value>
            </param>
            <param index="2">
              <value>
                <![CDATA[Internet of Things
Home › Services › Digital Life › Internet of Things]]>
              </value>
            </param>
            <param index="3">
              <value>
                <![CDATA[Robotic Process Automation & ChatBOTs
Home › Services › Digital Life › Robotic Process Automation & ChatBOTs]]>
              </value>
            </param>
            <param index="4">
              <value>
                <![CDATA[Blockchain
Home › Services › Digital Life › Blockchain]]>
              </value>
            </param>
          </params>
          <reporter-output>
          </reporter-output>
        </test-method> <!-- clickOptionMoreInfo -->
        <test-method is-config="true" signature="browserClose()[pri:0, instance:com.atmecs.project.script.ValidateHomePage@78047b92]" started-at="2019-10-03T15:06:43Z" name="browserClose" finished-at="2019-10-03T15:06:44Z" duration-ms="998" status="PASS">
          <reporter-output>
          </reporter-output>
        </test-method> <!-- browserClose -->
      </class> <!-- com.atmecs.project.script.ValidateHomePage -->
    </test> <!-- Default test -->
  </suite> <!-- Default suite -->
</testng-results>
